<?xml version="1.0" encoding="UTF-8"?>
<testng-results ignored="0" total="2" passed="2" failed="0" skipped="0">
  <reporter-output>
  </reporter-output>
  <suite started-at="2025-12-04T14:31:08 IST" name="Suite" finished-at="2025-12-04T14:31:22 IST" duration-ms="14001">
    <groups>
    </groups>
    <test started-at="2025-12-04T14:31:08 IST" name="Test" finished-at="2025-12-04T14:31:22 IST" duration-ms="14001">
      <class name="healthcare.testcases.TC001_login">
        <test-method is-config="true" signature="setup()[pri:0, instance:healthcare.testcases.TC001_login@3c9c0d96]" started-at="2025-12-04T14:31:08 IST" name="setup" finished-at="2025-12-04T14:31:14 IST" duration-ms="5491" status="PASS">
          <reporter-output>
          </reporter-output>
        </test-method> <!-- setup -->
        <test-method signature="login()[pri:0, instance:healthcare.testcases.TC001_login@3c9c0d96]" started-at="2025-12-04T14:31:14 IST" name="login" finished-at="2025-12-04T14:31:15 IST" duration-ms="877" status="PASS">
          <reporter-output>
          </reporter-output>
        </test-method> <!-- login -->
        <test-method is-config="true" signature="teardown()[pri:0, instance:healthcare.testcases.TC001_login@3c9c0d96]" started-at="2025-12-04T14:31:15 IST" name="teardown" finished-at="2025-12-04T14:31:15 IST" duration-ms="436" status="PASS">
          <reporter-output>
          </reporter-output>
        </test-method> <!-- teardown -->
      </class> <!-- healthcare.testcases.TC001_login -->
      <class name="healthcare.testcases.TC_002_BookAppointment">
        <test-method is-config="true" signature="setup()[pri:0, instance:healthcare.testcases.TC_002_BookAppointment@62ef27a8]" started-at="2025-12-04T14:31:15 IST" name="setup" finished-at="2025-12-04T14:31:19 IST" duration-ms="3620" status="PASS">
          <reporter-output>
          </reporter-output>
        </test-method> <!-- setup -->
        <test-method signature="bookappointment()[pri:0, instance:healthcare.testcases.TC_002_BookAppointment@62ef27a8]" started-at="2025-12-04T14:31:19 IST" name="bookappointment" finished-at="2025-12-04T14:31:22 IST" duration-ms="3180" status="PASS">
          <reporter-output>
          </reporter-output>
        </test-method> <!-- bookappointment -->
        <test-method is-config="true" signature="teardown()[pri:0, instance:healthcare.testcases.TC_002_BookAppointment@62ef27a8]" started-at="2025-12-04T14:31:22 IST" name="teardown" finished-at="2025-12-04T14:31:22 IST" duration-ms="330" status="PASS">
          <reporter-output>
          </reporter-output>
        </test-method> <!-- teardown -->
      </class> <!-- healthcare.testcases.TC_002_BookAppointment -->
    </test> <!-- Test -->
  </suite> <!-- Suite -->
</testng-results>
